98.04.10 09:54 A C:\LAG\rdp\examples\rdp_tut\00readme --> platon.dcs.rhbnc.ac.uk /home/staff/adrian/rdp/examples/rdp_tut 00readme
98.04.10 09:54 A C:\LAG\rdp\examples\rdp_tut\ad1.bnf --> platon.dcs.rhbnc.ac.uk /home/staff/adrian/rdp/examples/rdp_tut ad1.bnf
98.04.10 09:54 A C:\LAG\rdp\examples\rdp_tut\ad1.str --> platon.dcs.rhbnc.ac.uk /home/staff/adrian/rdp/examples/rdp_tut ad1.str
98.04.10 09:54 A C:\LAG\rdp\examples\rdp_tut\arith1.bnf --> platon.dcs.rhbnc.ac.uk /home/staff/adrian/rdp/examples/rdp_tut arith1.bnf
98.04.10 09:54 A C:\LAG\rdp\examples\rdp_tut\arith1.str --> platon.dcs.rhbnc.ac.uk /home/staff/adrian/rdp/examples/rdp_tut arith1.str
98.04.10 09:54 A C:\LAG\rdp\examples\rdp_tut\arith2.bnf --> platon.dcs.rhbnc.ac.uk /home/staff/adrian/rdp/examples/rdp_tut arith2.bnf
98.04.10 09:54 A C:\LAG\rdp\examples\rdp_tut\arith2.str --> platon.dcs.rhbnc.ac.uk /home/staff/adrian/rdp/examples/rdp_tut arith2.str
98.04.10 09:54 A C:\LAG\rdp\examples\rdp_tut\arith3.bnf --> platon.dcs.rhbnc.ac.uk /home/staff/adrian/rdp/examples/rdp_tut arith3.bnf
98.04.10 09:54 A C:\LAG\rdp\examples\rdp_tut\arith3.str --> platon.dcs.rhbnc.ac.uk /home/staff/adrian/rdp/examples/rdp_tut arith3.str
98.04.10 09:54 A C:\LAG\rdp\examples\rdp_tut\arith4.bnf --> platon.dcs.rhbnc.ac.uk /home/staff/adrian/rdp/examples/rdp_tut arith4.bnf
98.04.10 09:54 A C:\LAG\rdp\examples\rdp_tut\arith4.str --> platon.dcs.rhbnc.ac.uk /home/staff/adrian/rdp/examples/rdp_tut arith4.str
98.04.10 09:54 A C:\LAG\rdp\examples\rdp_tut\arith5.bnf --> platon.dcs.rhbnc.ac.uk /home/staff/adrian/rdp/examples/rdp_tut arith5.bnf
98.04.10 09:54 A C:\LAG\rdp\examples\rdp_tut\arith5.str --> platon.dcs.rhbnc.ac.uk /home/staff/adrian/rdp/examples/rdp_tut arith5.str
98.04.10 09:54 A C:\LAG\rdp\examples\rdp_tut\eas3.bnf --> platon.dcs.rhbnc.ac.uk /home/staff/adrian/rdp/examples/rdp_tut eas3.bnf
98.04.10 09:54 A C:\LAG\rdp\examples\rdp_tut\eas3.str --> platon.dcs.rhbnc.ac.uk /home/staff/adrian/rdp/examples/rdp_tut eas3.str
98.04.10 09:54 A C:\LAG\rdp\examples\rdp_tut\expr1.bnf --> platon.dcs.rhbnc.ac.uk /home/staff/adrian/rdp/examples/rdp_tut expr1.bnf
98.04.10 09:54 A C:\LAG\rdp\examples\rdp_tut\expr1.str --> platon.dcs.rhbnc.ac.uk /home/staff/adrian/rdp/examples/rdp_tut expr1.str
98.04.10 09:54 A C:\LAG\rdp\examples\rdp_tut\expr2.bnf --> platon.dcs.rhbnc.ac.uk /home/staff/adrian/rdp/examples/rdp_tut expr2.bnf
98.04.10 09:54 A C:\LAG\rdp\examples\rdp_tut\expr2.str --> platon.dcs.rhbnc.ac.uk /home/staff/adrian/rdp/examples/rdp_tut expr2.str
98.04.10 09:54 A C:\LAG\rdp\examples\rdp_tut\expr3.bnf --> platon.dcs.rhbnc.ac.uk /home/staff/adrian/rdp/examples/rdp_tut expr3.bnf
98.04.10 09:54 A C:\LAG\rdp\examples\rdp_tut\expr3.str --> platon.dcs.rhbnc.ac.uk /home/staff/adrian/rdp/examples/rdp_tut expr3.str
98.04.10 09:54 A C:\LAG\rdp\examples\rdp_tut\expr4.bnf --> platon.dcs.rhbnc.ac.uk /home/staff/adrian/rdp/examples/rdp_tut expr4.bnf
98.04.10 09:54 A C:\LAG\rdp\examples\rdp_tut\expr4.str --> platon.dcs.rhbnc.ac.uk /home/staff/adrian/rdp/examples/rdp_tut expr4.str
98.04.10 09:54 A C:\LAG\rdp\examples\rdp_tut\expr5.bnf --> platon.dcs.rhbnc.ac.uk /home/staff/adrian/rdp/examples/rdp_tut expr5.bnf
98.04.10 09:54 A C:\LAG\rdp\examples\rdp_tut\expr5.str --> platon.dcs.rhbnc.ac.uk /home/staff/adrian/rdp/examples/rdp_tut expr5.str
98.04.10 09:54 A C:\LAG\rdp\examples\rdp_tut\functn1.bnf --> platon.dcs.rhbnc.ac.uk /home/staff/adrian/rdp/examples/rdp_tut functn1.bnf
98.04.10 09:54 A C:\LAG\rdp\examples\rdp_tut\functn2.bnf --> platon.dcs.rhbnc.ac.uk /home/staff/adrian/rdp/examples/rdp_tut functn2.bnf
98.04.10 09:54 A C:\LAG\rdp\examples\rdp_tut\functn2.str --> platon.dcs.rhbnc.ac.uk /home/staff/adrian/rdp/examples/rdp_tut functn2.str
98.04.10 09:54 A C:\LAG\rdp\examples\rdp_tut\functn3.bnf --> platon.dcs.rhbnc.ac.uk /home/staff/adrian/rdp/examples/rdp_tut functn3.bnf
98.04.10 09:54 A C:\LAG\rdp\examples\rdp_tut\functn3.str --> platon.dcs.rhbnc.ac.uk /home/staff/adrian/rdp/examples/rdp_tut functn3.str
98.04.10 09:54 A C:\LAG\rdp\examples\rdp_tut\ifelse1.bnf --> platon.dcs.rhbnc.ac.uk /home/staff/adrian/rdp/examples/rdp_tut ifelse1.bnf
98.04.10 09:54 A C:\LAG\rdp\examples\rdp_tut\ifelse1.str --> platon.dcs.rhbnc.ac.uk /home/staff/adrian/rdp/examples/rdp_tut ifelse1.str
98.04.10 09:54 A C:\LAG\rdp\examples\rdp_tut\iter1.bnf --> platon.dcs.rhbnc.ac.uk /home/staff/adrian/rdp/examples/rdp_tut iter1.bnf
98.04.10 09:54 A C:\LAG\rdp\examples\rdp_tut\iter1.str --> platon.dcs.rhbnc.ac.uk /home/staff/adrian/rdp/examples/rdp_tut iter1.str
98.04.10 09:54 A C:\LAG\rdp\examples\rdp_tut\iter2.bnf --> platon.dcs.rhbnc.ac.uk /home/staff/adrian/rdp/examples/rdp_tut iter2.bnf
98.04.10 09:54 A C:\LAG\rdp\examples\rdp_tut\iter2.str --> platon.dcs.rhbnc.ac.uk /home/staff/adrian/rdp/examples/rdp_tut iter2.str
98.04.10 09:54 A C:\LAG\rdp\examples\rdp_tut\mini1.bnf --> platon.dcs.rhbnc.ac.uk /home/staff/adrian/rdp/examples/rdp_tut mini1.bnf
98.04.10 09:54 A C:\LAG\rdp\examples\rdp_tut\mini1.str --> platon.dcs.rhbnc.ac.uk /home/staff/adrian/rdp/examples/rdp_tut mini1.str
98.04.10 09:54 A C:\LAG\rdp\examples\rdp_tut\miniexp.bnf --> platon.dcs.rhbnc.ac.uk /home/staff/adrian/rdp/examples/rdp_tut miniexp.bnf
98.04.10 09:54 A C:\LAG\rdp\examples\rdp_tut\miniexp.str --> platon.dcs.rhbnc.ac.uk /home/staff/adrian/rdp/examples/rdp_tut miniexp.str
98.04.10 09:54 A C:\LAG\rdp\examples\rdp_tut\miniprom.bnf --> platon.dcs.rhbnc.ac.uk /home/staff/adrian/rdp/examples/rdp_tut miniprom.bnf
98.04.10 09:54 A C:\LAG\rdp\examples\rdp_tut\miniprom.str --> platon.dcs.rhbnc.ac.uk /home/staff/adrian/rdp/examples/rdp_tut miniprom.str
98.04.10 09:54 A C:\LAG\rdp\examples\rdp_tut\nonll.bnf --> platon.dcs.rhbnc.ac.uk /home/staff/adrian/rdp/examples/rdp_tut nonll.bnf
98.04.10 09:54 A C:\LAG\rdp\examples\rdp_tut\nonll.str --> platon.dcs.rhbnc.ac.uk /home/staff/adrian/rdp/examples/rdp_tut nonll.str
98.04.10 09:54 A C:\LAG\rdp\examples\rdp_tut\teste.bnf --> platon.dcs.rhbnc.ac.uk /home/staff/adrian/rdp/examples/rdp_tut teste.bnf
98.04.10 09:54 A C:\LAG\rdp\examples\rdp_tut\teste.str --> platon.dcs.rhbnc.ac.uk /home/staff/adrian/rdp/examples/rdp_tut teste.str
98.05.07 19:15 A C:\lag\rdp\examples\rdp_tut\00readme --> platon.dcs.rhbnc.ac.uk /home/staff/adrian/rdp/examples/rdp_tut 00readme
98.05.07 19:15 A C:\lag\rdp\examples\rdp_tut\ad1.bnf --> platon.dcs.rhbnc.ac.uk /home/staff/adrian/rdp/examples/rdp_tut ad1.bnf
98.05.07 19:15 A C:\lag\rdp\examples\rdp_tut\ad1.str --> platon.dcs.rhbnc.ac.uk /home/staff/adrian/rdp/examples/rdp_tut ad1.str
98.05.07 19:15 A C:\lag\rdp\examples\rdp_tut\arith1.bnf --> platon.dcs.rhbnc.ac.uk /home/staff/adrian/rdp/examples/rdp_tut arith1.bnf
98.05.07 19:15 A C:\lag\rdp\examples\rdp_tut\arith1.str --> platon.dcs.rhbnc.ac.uk /home/staff/adrian/rdp/examples/rdp_tut arith1.str
98.05.07 19:15 A C:\lag\rdp\examples\rdp_tut\arith2.bnf --> platon.dcs.rhbnc.ac.uk /home/staff/adrian/rdp/examples/rdp_tut arith2.bnf
98.05.07 19:15 A C:\lag\rdp\examples\rdp_tut\arith2.str --> platon.dcs.rhbnc.ac.uk /home/staff/adrian/rdp/examples/rdp_tut arith2.str
98.05.07 19:15 A C:\lag\rdp\examples\rdp_tut\arith3.bnf --> platon.dcs.rhbnc.ac.uk /home/staff/adrian/rdp/examples/rdp_tut arith3.bnf
98.05.07 19:15 A C:\lag\rdp\examples\rdp_tut\arith3.str --> platon.dcs.rhbnc.ac.uk /home/staff/adrian/rdp/examples/rdp_tut arith3.str
98.05.07 19:15 A C:\lag\rdp\examples\rdp_tut\arith4.bnf --> platon.dcs.rhbnc.ac.uk /home/staff/adrian/rdp/examples/rdp_tut arith4.bnf
98.05.07 19:15 A C:\lag\rdp\examples\rdp_tut\arith4.str --> platon.dcs.rhbnc.ac.uk /home/staff/adrian/rdp/examples/rdp_tut arith4.str
98.05.07 19:15 A C:\lag\rdp\examples\rdp_tut\arith5.bnf --> platon.dcs.rhbnc.ac.uk /home/staff/adrian/rdp/examples/rdp_tut arith5.bnf
98.05.07 19:15 A C:\lag\rdp\examples\rdp_tut\arith5.str --> platon.dcs.rhbnc.ac.uk /home/staff/adrian/rdp/examples/rdp_tut arith5.str
98.05.07 19:15 A C:\lag\rdp\examples\rdp_tut\eas3.bnf --> platon.dcs.rhbnc.ac.uk /home/staff/adrian/rdp/examples/rdp_tut eas3.bnf
98.05.07 19:15 A C:\lag\rdp\examples\rdp_tut\eas3.str --> platon.dcs.rhbnc.ac.uk /home/staff/adrian/rdp/examples/rdp_tut eas3.str
98.05.07 19:15 A C:\lag\rdp\examples\rdp_tut\expr1.bnf --> platon.dcs.rhbnc.ac.uk /home/staff/adrian/rdp/examples/rdp_tut expr1.bnf
98.05.07 19:15 A C:\lag\rdp\examples\rdp_tut\expr1.str --> platon.dcs.rhbnc.ac.uk /home/staff/adrian/rdp/examples/rdp_tut expr1.str
98.05.07 19:15 A C:\lag\rdp\examples\rdp_tut\expr2.bnf --> platon.dcs.rhbnc.ac.uk /home/staff/adrian/rdp/examples/rdp_tut expr2.bnf
98.05.07 19:15 A C:\lag\rdp\examples\rdp_tut\expr2.str --> platon.dcs.rhbnc.ac.uk /home/staff/adrian/rdp/examples/rdp_tut expr2.str
98.05.07 19:15 A C:\lag\rdp\examples\rdp_tut\expr3.bnf --> platon.dcs.rhbnc.ac.uk /home/staff/adrian/rdp/examples/rdp_tut expr3.bnf
98.05.07 19:15 A C:\lag\rdp\examples\rdp_tut\expr3.str --> platon.dcs.rhbnc.ac.uk /home/staff/adrian/rdp/examples/rdp_tut expr3.str
98.05.07 19:15 A C:\lag\rdp\examples\rdp_tut\expr4.bnf --> platon.dcs.rhbnc.ac.uk /home/staff/adrian/rdp/examples/rdp_tut expr4.bnf
98.05.07 19:15 A C:\lag\rdp\examples\rdp_tut\expr4.str --> platon.dcs.rhbnc.ac.uk /home/staff/adrian/rdp/examples/rdp_tut expr4.str
98.05.07 19:15 A C:\lag\rdp\examples\rdp_tut\expr5.bnf --> platon.dcs.rhbnc.ac.uk /home/staff/adrian/rdp/examples/rdp_tut expr5.bnf
98.05.07 19:15 A C:\lag\rdp\examples\rdp_tut\expr5.str --> platon.dcs.rhbnc.ac.uk /home/staff/adrian/rdp/examples/rdp_tut expr5.str
98.05.07 19:15 A C:\lag\rdp\examples\rdp_tut\functn1.bnf --> platon.dcs.rhbnc.ac.uk /home/staff/adrian/rdp/examples/rdp_tut functn1.bnf
98.05.07 19:15 A C:\lag\rdp\examples\rdp_tut\functn2.bnf --> platon.dcs.rhbnc.ac.uk /home/staff/adrian/rdp/examples/rdp_tut functn2.bnf
98.05.07 19:15 A C:\lag\rdp\examples\rdp_tut\functn2.str --> platon.dcs.rhbnc.ac.uk /home/staff/adrian/rdp/examples/rdp_tut functn2.str
98.05.07 19:15 A C:\lag\rdp\examples\rdp_tut\functn3.bnf --> platon.dcs.rhbnc.ac.uk /home/staff/adrian/rdp/examples/rdp_tut functn3.bnf
98.05.07 19:15 A C:\lag\rdp\examples\rdp_tut\functn3.str --> platon.dcs.rhbnc.ac.uk /home/staff/adrian/rdp/examples/rdp_tut functn3.str
98.05.07 19:15 A C:\lag\rdp\examples\rdp_tut\ifelse1.bnf --> platon.dcs.rhbnc.ac.uk /home/staff/adrian/rdp/examples/rdp_tut ifelse1.bnf
98.05.07 19:15 A C:\lag\rdp\examples\rdp_tut\ifelse1.str --> platon.dcs.rhbnc.ac.uk /home/staff/adrian/rdp/examples/rdp_tut ifelse1.str
98.05.07 19:15 A C:\lag\rdp\examples\rdp_tut\iter1.bnf --> platon.dcs.rhbnc.ac.uk /home/staff/adrian/rdp/examples/rdp_tut iter1.bnf
98.05.07 19:15 A C:\lag\rdp\examples\rdp_tut\iter1.str --> platon.dcs.rhbnc.ac.uk /home/staff/adrian/rdp/examples/rdp_tut iter1.str
98.05.07 19:15 A C:\lag\rdp\examples\rdp_tut\iter2.bnf --> platon.dcs.rhbnc.ac.uk /home/staff/adrian/rdp/examples/rdp_tut iter2.bnf
98.05.07 19:15 A C:\lag\rdp\examples\rdp_tut\iter2.str --> platon.dcs.rhbnc.ac.uk /home/staff/adrian/rdp/examples/rdp_tut iter2.str
98.05.07 19:15 A C:\lag\rdp\examples\rdp_tut\mini1.bnf --> platon.dcs.rhbnc.ac.uk /home/staff/adrian/rdp/examples/rdp_tut mini1.bnf
98.05.07 19:15 A C:\lag\rdp\examples\rdp_tut\mini1.str --> platon.dcs.rhbnc.ac.uk /home/staff/adrian/rdp/examples/rdp_tut mini1.str
98.05.07 19:15 A C:\lag\rdp\examples\rdp_tut\miniexp.bnf --> platon.dcs.rhbnc.ac.uk /home/staff/adrian/rdp/examples/rdp_tut miniexp.bnf
98.05.07 19:15 A C:\lag\rdp\examples\rdp_tut\miniexp.str --> platon.dcs.rhbnc.ac.uk /home/staff/adrian/rdp/examples/rdp_tut miniexp.str
98.05.07 19:15 A C:\lag\rdp\examples\rdp_tut\miniprom.bnf --> platon.dcs.rhbnc.ac.uk /home/staff/adrian/rdp/examples/rdp_tut miniprom.bnf
98.05.07 19:15 A C:\lag\rdp\examples\rdp_tut\miniprom.str --> platon.dcs.rhbnc.ac.uk /home/staff/adrian/rdp/examples/rdp_tut miniprom.str
98.05.07 19:15 A C:\lag\rdp\examples\rdp_tut\nonll.bnf --> platon.dcs.rhbnc.ac.uk /home/staff/adrian/rdp/examples/rdp_tut nonll.bnf
98.05.07 19:15 A C:\lag\rdp\examples\rdp_tut\nonll.str --> platon.dcs.rhbnc.ac.uk /home/staff/adrian/rdp/examples/rdp_tut nonll.str
98.05.07 19:15 A C:\lag\rdp\examples\rdp_tut\teste.bnf --> platon.dcs.rhbnc.ac.uk /home/staff/adrian/rdp/examples/rdp_tut teste.bnf
98.05.07 19:15 A C:\lag\rdp\examples\rdp_tut\teste.str --> platon.dcs.rhbnc.ac.uk /home/staff/adrian/rdp/examples/rdp_tut teste.str
