98.04.10 09:54 A C:\LAG\rdp\examples\rdp_user\00readme --> platon.dcs.rhbnc.ac.uk /home/staff/adrian/rdp/examples/rdp_user 00readme
98.04.10 09:54 A C:\LAG\rdp\examples\rdp_user\eighthtr.bnf --> platon.dcs.rhbnc.ac.uk /home/staff/adrian/rdp/examples/rdp_user eighthtr.bnf
98.04.10 09:54 A C:\LAG\rdp\examples\rdp_user\eighthtr.str --> platon.dcs.rhbnc.ac.uk /home/staff/adrian/rdp/examples/rdp_user eighthtr.str
98.04.10 09:54 A C:\LAG\rdp\examples\rdp_user\fifthtre.bnf --> platon.dcs.rhbnc.ac.uk /home/staff/adrian/rdp/examples/rdp_user fifthtre.bnf
98.04.10 09:54 A C:\LAG\rdp\examples\rdp_user\fifthtre.str --> platon.dcs.rhbnc.ac.uk /home/staff/adrian/rdp/examples/rdp_user fifthtre.str
98.04.10 09:54 A C:\LAG\rdp\examples\rdp_user\firsttre.bnf --> platon.dcs.rhbnc.ac.uk /home/staff/adrian/rdp/examples/rdp_user firsttre.bnf
98.04.10 09:54 A C:\LAG\rdp\examples\rdp_user\firsttre.str --> platon.dcs.rhbnc.ac.uk /home/staff/adrian/rdp/examples/rdp_user firsttre.str
98.04.10 09:54 A C:\LAG\rdp\examples\rdp_user\fourthtr.bnf --> platon.dcs.rhbnc.ac.uk /home/staff/adrian/rdp/examples/rdp_user fourthtr.bnf
98.04.10 09:54 A C:\LAG\rdp\examples\rdp_user\fourthtr.str --> platon.dcs.rhbnc.ac.uk /home/staff/adrian/rdp/examples/rdp_user fourthtr.str
98.04.10 09:54 A C:\LAG\rdp\examples\rdp_user\ninthtre.bnf --> platon.dcs.rhbnc.ac.uk /home/staff/adrian/rdp/examples/rdp_user ninthtre.bnf
98.04.10 09:54 A C:\LAG\rdp\examples\rdp_user\ninthtre.str --> platon.dcs.rhbnc.ac.uk /home/staff/adrian/rdp/examples/rdp_user ninthtre.str
98.04.10 09:54 A C:\LAG\rdp\examples\rdp_user\secondtr.bnf --> platon.dcs.rhbnc.ac.uk /home/staff/adrian/rdp/examples/rdp_user secondtr.bnf
98.04.10 09:54 A C:\LAG\rdp\examples\rdp_user\secondtr.str --> platon.dcs.rhbnc.ac.uk /home/staff/adrian/rdp/examples/rdp_user secondtr.str
98.04.10 09:54 A C:\LAG\rdp\examples\rdp_user\seventht.bnf --> platon.dcs.rhbnc.ac.uk /home/staff/adrian/rdp/examples/rdp_user seventht.bnf
98.04.10 09:54 A C:\LAG\rdp\examples\rdp_user\seventht.str --> platon.dcs.rhbnc.ac.uk /home/staff/adrian/rdp/examples/rdp_user seventht.str
98.04.10 09:54 A C:\LAG\rdp\examples\rdp_user\sixthtre.bnf --> platon.dcs.rhbnc.ac.uk /home/staff/adrian/rdp/examples/rdp_user sixthtre.bnf
98.04.10 09:54 A C:\LAG\rdp\examples\rdp_user\sixthtre.str --> platon.dcs.rhbnc.ac.uk /home/staff/adrian/rdp/examples/rdp_user sixthtre.str
98.04.10 09:54 A C:\LAG\rdp\examples\rdp_user\skel.bnf --> platon.dcs.rhbnc.ac.uk /home/staff/adrian/rdp/examples/rdp_user skel.bnf
98.04.10 09:54 A C:\LAG\rdp\examples\rdp_user\tenthtre.bnf --> platon.dcs.rhbnc.ac.uk /home/staff/adrian/rdp/examples/rdp_user tenthtre.bnf
98.04.10 09:54 A C:\LAG\rdp\examples\rdp_user\tenthtre.str --> platon.dcs.rhbnc.ac.uk /home/staff/adrian/rdp/examples/rdp_user tenthtre.str
98.04.10 09:54 A C:\LAG\rdp\examples\rdp_user\thirdtre.bnf --> platon.dcs.rhbnc.ac.uk /home/staff/adrian/rdp/examples/rdp_user thirdtre.bnf
98.04.10 09:54 A C:\LAG\rdp\examples\rdp_user\thirdtre.str --> platon.dcs.rhbnc.ac.uk /home/staff/adrian/rdp/examples/rdp_user thirdtre.str
98.05.07 19:15 A C:\lag\rdp\examples\rdp_user\00readme --> platon.dcs.rhbnc.ac.uk /home/staff/adrian/rdp/examples/rdp_user 00readme
98.05.07 19:15 A C:\lag\rdp\examples\rdp_user\eighthtr.bnf --> platon.dcs.rhbnc.ac.uk /home/staff/adrian/rdp/examples/rdp_user eighthtr.bnf
98.05.07 19:15 A C:\lag\rdp\examples\rdp_user\eighthtr.str --> platon.dcs.rhbnc.ac.uk /home/staff/adrian/rdp/examples/rdp_user eighthtr.str
98.05.07 19:15 A C:\lag\rdp\examples\rdp_user\fifthtre.bnf --> platon.dcs.rhbnc.ac.uk /home/staff/adrian/rdp/examples/rdp_user fifthtre.bnf
98.05.07 19:15 A C:\lag\rdp\examples\rdp_user\fifthtre.str --> platon.dcs.rhbnc.ac.uk /home/staff/adrian/rdp/examples/rdp_user fifthtre.str
98.05.07 19:15 A C:\lag\rdp\examples\rdp_user\firsttre.bnf --> platon.dcs.rhbnc.ac.uk /home/staff/adrian/rdp/examples/rdp_user firsttre.bnf
98.05.07 19:15 A C:\lag\rdp\examples\rdp_user\firsttre.str --> platon.dcs.rhbnc.ac.uk /home/staff/adrian/rdp/examples/rdp_user firsttre.str
98.05.07 19:15 A C:\lag\rdp\examples\rdp_user\fourthtr.bnf --> platon.dcs.rhbnc.ac.uk /home/staff/adrian/rdp/examples/rdp_user fourthtr.bnf
98.05.07 19:15 A C:\lag\rdp\examples\rdp_user\fourthtr.str --> platon.dcs.rhbnc.ac.uk /home/staff/adrian/rdp/examples/rdp_user fourthtr.str
98.05.07 19:15 A C:\lag\rdp\examples\rdp_user\ninthtre.bnf --> platon.dcs.rhbnc.ac.uk /home/staff/adrian/rdp/examples/rdp_user ninthtre.bnf
98.05.07 19:15 A C:\lag\rdp\examples\rdp_user\ninthtre.str --> platon.dcs.rhbnc.ac.uk /home/staff/adrian/rdp/examples/rdp_user ninthtre.str
98.05.07 19:15 A C:\lag\rdp\examples\rdp_user\secondtr.bnf --> platon.dcs.rhbnc.ac.uk /home/staff/adrian/rdp/examples/rdp_user secondtr.bnf
98.05.07 19:15 A C:\lag\rdp\examples\rdp_user\secondtr.str --> platon.dcs.rhbnc.ac.uk /home/staff/adrian/rdp/examples/rdp_user secondtr.str
98.05.07 19:15 A C:\lag\rdp\examples\rdp_user\seventht.bnf --> platon.dcs.rhbnc.ac.uk /home/staff/adrian/rdp/examples/rdp_user seventht.bnf
98.05.07 19:15 A C:\lag\rdp\examples\rdp_user\seventht.str --> platon.dcs.rhbnc.ac.uk /home/staff/adrian/rdp/examples/rdp_user seventht.str
98.05.07 19:15 A C:\lag\rdp\examples\rdp_user\sixthtre.bnf --> platon.dcs.rhbnc.ac.uk /home/staff/adrian/rdp/examples/rdp_user sixthtre.bnf
98.05.07 19:15 A C:\lag\rdp\examples\rdp_user\sixthtre.str --> platon.dcs.rhbnc.ac.uk /home/staff/adrian/rdp/examples/rdp_user sixthtre.str
98.05.07 19:15 A C:\lag\rdp\examples\rdp_user\skel.bnf --> platon.dcs.rhbnc.ac.uk /home/staff/adrian/rdp/examples/rdp_user skel.bnf
98.05.07 19:15 A C:\lag\rdp\examples\rdp_user\tenthtre.bnf --> platon.dcs.rhbnc.ac.uk /home/staff/adrian/rdp/examples/rdp_user tenthtre.bnf
98.05.07 19:15 A C:\lag\rdp\examples\rdp_user\tenthtre.str --> platon.dcs.rhbnc.ac.uk /home/staff/adrian/rdp/examples/rdp_user tenthtre.str
98.05.07 19:15 A C:\lag\rdp\examples\rdp_user\thirdtre.bnf --> platon.dcs.rhbnc.ac.uk /home/staff/adrian/rdp/examples/rdp_user thirdtre.bnf
98.05.07 19:15 A C:\lag\rdp\examples\rdp_user\thirdtre.str --> platon.dcs.rhbnc.ac.uk /home/staff/adrian/rdp/examples/rdp_user thirdtre.str
